<?xml version="1.0" encoding="UTF-8"?>
<Site BuildName="Linux-g++-7"
	BuildStamp="20190220-1416-Experimental"
	Name="terminal9"
	Generator="ctest-3.10.2"
	CompilerName="/usr/bin/g++-7"
	CompilerVersion="7.3.0"
	OSName="Linux"
	Hostname="terminal9"
	OSRelease="4.15.0-45-generic"
	OSVersion="#48-Ubuntu SMP Tue Jan 29 16:28:13 UTC 2019"
	OSPlatform="x86_64"
	Is64Bits="1"
	VendorString="GenuineIntel"
	VendorID="Intel Corporation"
	FamilyID="6"
	ModelID="158"
	ProcessorCacheSize="9216"
	NumberOfLogicalCPU="6"
	NumberOfPhysicalCPU="6"
	TotalVirtualMemory="9370"
	TotalPhysicalMemory="7844"
	LogicalProcessorsPerPhysical="1"
	ProcessorClockFrequency="2800.05"
	>
	<Testing>
		<StartDateTime>Feb 20 15:16 CET</StartDateTime>
		<StartTestTime>1550672205</StartTestTime>
		<TestList/>
		<EndDateTime>Feb 20 15:16 CET</EndDateTime>
		<EndTestTime>1550672205</EndTestTime>
		<ElapsedMinutes>0</ElapsedMinutes>
	</Testing>
</Site>
